#
# There is insufficient memory for the Java Runtime Environment to continue.
# Native memory allocation (malloc) failed to allocate 86507520 bytes for committing reserved memory.
# Possible reasons:
#   The system is out of physical RAM or swap space
#   In 32 bit mode, the process size limit was hit
# Possible solutions:
#   Reduce memory load on the system
#   Increase physical memory or swap space
#   Check if swap backing store is full
#   Use 64 bit Java on a 64 bit OS
#   Decrease Java heap size (-Xmx/-Xms)
#   Decrease number of Java threads
#   Decrease Java thread stack sizes (-Xss)
#   Set larger code cache with -XX:ReservedCodeCacheSize=
# This output file may be truncated or incomplete.
#
#  Out of Memory Error (os_linux.cpp:2756), pid=17537, tid=140643324659456
#
# JRE version:  (7.0_76-b13) (build )
# Java VM: Java HotSpot(TM) 64-Bit Server VM (24.76-b04 mixed mode linux-amd64 compressed oops)
# Failed to write core dump. Core dumps have been disabled. To enable core dumping, try "ulimit -c unlimited" before starting Java again
#

---------------  T H R E A D  ---------------

Current thread (0x00007fea0c00a000):  JavaThread "Unknown thread" [_thread_in_vm, id=17546, stack(0x00007fea13580000,0x00007fea13681000)]

Stack: [0x00007fea13580000,0x00007fea13681000],  sp=0x00007fea1367f230,  free space=1020k
Native frames: (J=compiled Java code, j=interpreted, Vv=VM code, C=native code)
V  [libjvm.so+0x9a32ba]  VMError::report_and_die()+0x2ea
V  [libjvm.so+0x497f7b]  report_vm_out_of_memory(char const*, int, unsigned long, char const*)+0x9b
V  [libjvm.so+0x81fcce]  os::Linux::commit_memory_impl(char*, unsigned long, bool)+0xfe
V  [libjvm.so+0x820219]  os::pd_commit_memory(char*, unsigned long, unsigned long, bool)+0x29
V  [libjvm.so+0x819faa]  os::commit_memory(char*, unsigned long, unsigned long, bool)+0x2a
V  [libjvm.so+0x88d843]  PSVirtualSpace::expand_by(unsigned long)+0x53
V  [libjvm.so+0x87c4b3]  PSOldGen::initialize(ReservedSpace, unsigned long, char const*, int)+0x103
V  [libjvm.so+0x29a9b3]  AdjoiningGenerations::AdjoiningGenerations(ReservedSpace, unsigned long, unsigned long, unsigned long, unsigned long, unsigned long, unsigned long, unsigned long)+0x3e3
V  [libjvm.so+0x8415d5]  ParallelScavengeHeap::initialize()+0x4d5
V  [libjvm.so+0x97518a]  Universe::initialize_heap()+0xca
V  [libjvm.so+0x976359]  universe_init()+0x79
V  [libjvm.so+0x5b1d25]  init_globals()+0x65
V  [libjvm.so+0x95dc4d]  Threads::create_vm(JavaVMInitArgs*, bool*)+0x1ed
V  [libjvm.so+0x639fe4]  JNI_CreateJavaVM+0x74
C  [libjli.so+0x2f8e]  JavaMain+0x9e


---------------  P R O C E S S  ---------------

Java Threads: ( => current thread )

Other Threads:

=>0x00007fea0c00a000 (exited) JavaThread "Unknown thread" [_thread_in_vm, id=17546, stack(0x00007fea13580000,0x00007fea13681000)]

VM state:not at safepoint (not fully initialized)

VM Mutex/Monitor currently owned by a thread: None

GC Heap History (0 events):
No events

Deoptimization events (0 events):
No events

Internal exceptions (0 events):
No events

Events (0 events):
No events


Dynamic libraries:
00400000-00401000 r-xp 00000000 08:04 1052900                            /usr/lib/jvm/java-7-oracle/jre/bin/java
00600000-00601000 rw-p 00000000 08:04 1052900                            /usr/lib/jvm/java-7-oracle/jre/bin/java
01f8c000-01fad000 rw-p 00000000 00:00 0                                  [heap]
bae00000-c0000000 rw-p 00000000 00:00 0 
c5280000-eaa80000 rw-p 00000000 00:00 0 
eaa80000-ed400000 rw-p 00000000 00:00 0 
ed400000-100000000 rw-p 00000000 00:00 0 
7fea09000000-7fea09270000 rwxp 00000000 00:00 0 
7fea09270000-7fea0c025000 rw-p 00000000 00:00 0 
7fea0c025000-7fea10000000 ---p 00000000 00:00 0 
7fea103fc000-7fea10644000 rw-p 00000000 00:00 0 
7fea10644000-7fea107c2000 rw-p 00000000 00:00 0 
7fea107c2000-7fea107d7000 rw-p 00000000 00:00 0 
7fea107d7000-7fea1086d000 rw-p 00000000 00:00 0 
7fea1086d000-7fea1086e000 rw-p 00000000 00:00 0 
7fea1086e000-7fea10888000 r-xp 00000000 08:04 1320046                    /usr/lib/jvm/java-7-oracle/jre/lib/amd64/libzip.so
7fea10888000-7fea10a88000 ---p 0001a000 08:04 1320046                    /usr/lib/jvm/java-7-oracle/jre/lib/amd64/libzip.so
7fea10a88000-7fea10a89000 rw-p 0001a000 08:04 1320046                    /usr/lib/jvm/java-7-oracle/jre/lib/amd64/libzip.so
7fea10a89000-7fea10a94000 r-xp 00000000 08:04 2359565                    /lib/x86_64-linux-gnu/libnss_files-2.19.so
7fea10a94000-7fea10c93000 ---p 0000b000 08:04 2359565                    /lib/x86_64-linux-gnu/libnss_files-2.19.so
7fea10c93000-7fea10c94000 r--p 0000a000 08:04 2359565                    /lib/x86_64-linux-gnu/libnss_files-2.19.so
7fea10c94000-7fea10c95000 rw-p 0000b000 08:04 2359565                    /lib/x86_64-linux-gnu/libnss_files-2.19.so
7fea10c95000-7fea10ca0000 r-xp 00000000 08:04 2359562                    /lib/x86_64-linux-gnu/libnss_nis-2.19.so
7fea10ca0000-7fea10e9f000 ---p 0000b000 08:04 2359562                    /lib/x86_64-linux-gnu/libnss_nis-2.19.so
7fea10e9f000-7fea10ea0000 r--p 0000a000 08:04 2359562                    /lib/x86_64-linux-gnu/libnss_nis-2.19.so
7fea10ea0000-7fea10ea1000 rw-p 0000b000 08:04 2359562                    /lib/x86_64-linux-gnu/libnss_nis-2.19.so
7fea10ea1000-7fea10eb8000 r-xp 00000000 08:04 2359556                    /lib/x86_64-linux-gnu/libnsl-2.19.so
7fea10eb8000-7fea110b7000 ---p 00017000 08:04 2359556                    /lib/x86_64-linux-gnu/libnsl-2.19.so
7fea110b7000-7fea110b8000 r--p 00016000 08:04 2359556                    /lib/x86_64-linux-gnu/libnsl-2.19.so
7fea110b8000-7fea110b9000 rw-p 00017000 08:04 2359556                    /lib/x86_64-linux-gnu/libnsl-2.19.so
7fea110b9000-7fea110bb000 rw-p 00000000 00:00 0 
7fea110bb000-7fea110c4000 r-xp 00000000 08:04 2359553                    /lib/x86_64-linux-gnu/libnss_compat-2.19.so
7fea110c4000-7fea112c3000 ---p 00009000 08:04 2359553                    /lib/x86_64-linux-gnu/libnss_compat-2.19.so
7fea112c3000-7fea112c4000 r--p 00008000 08:04 2359553                    /lib/x86_64-linux-gnu/libnss_compat-2.19.so
7fea112c4000-7fea112c5000 rw-p 00009000 08:04 2359553                    /lib/x86_64-linux-gnu/libnss_compat-2.19.so
7fea112c5000-7fea112ee000 r-xp 00000000 08:04 1320004                    /usr/lib/jvm/java-7-oracle/jre/lib/amd64/libjava.so
7fea112ee000-7fea114ee000 ---p 00029000 08:04 1320004                    /usr/lib/jvm/java-7-oracle/jre/lib/amd64/libjava.so
7fea114ee000-7fea114f0000 rw-p 00029000 08:04 1320004                    /usr/lib/jvm/java-7-oracle/jre/lib/amd64/libjava.so
7fea114f0000-7fea114fd000 r-xp 00000000 08:04 1319989                    /usr/lib/jvm/java-7-oracle/jre/lib/amd64/libverify.so
7fea114fd000-7fea116fc000 ---p 0000d000 08:04 1319989                    /usr/lib/jvm/java-7-oracle/jre/lib/amd64/libverify.so
7fea116fc000-7fea116fe000 rw-p 0000c000 08:04 1319989                    /usr/lib/jvm/java-7-oracle/jre/lib/amd64/libverify.so
7fea116fe000-7fea11705000 r-xp 00000000 08:04 2359548                    /lib/x86_64-linux-gnu/librt-2.19.so
7fea11705000-7fea11904000 ---p 00007000 08:04 2359548                    /lib/x86_64-linux-gnu/librt-2.19.so
7fea11904000-7fea11905000 r--p 00006000 08:04 2359548                    /lib/x86_64-linux-gnu/librt-2.19.so
7fea11905000-7fea11906000 rw-p 00007000 08:04 2359548                    /lib/x86_64-linux-gnu/librt-2.19.so
7fea11906000-7fea11a0b000 r-xp 00000000 08:04 2359555                    /lib/x86_64-linux-gnu/libm-2.19.so
7fea11a0b000-7fea11c0a000 ---p 00105000 08:04 2359555                    /lib/x86_64-linux-gnu/libm-2.19.so
7fea11c0a000-7fea11c0b000 r--p 00104000 08:04 2359555                    /lib/x86_64-linux-gnu/libm-2.19.so
7fea11c0b000-7fea11c0c000 rw-p 00105000 08:04 2359555                    /lib/x86_64-linux-gnu/libm-2.19.so
7fea11c0c000-7fea12781000 r-xp 00000000 08:04 1320038                    /usr/lib/jvm/java-7-oracle/jre/lib/amd64/server/libjvm.so
7fea12781000-7fea12981000 ---p 00b75000 08:04 1320038                    /usr/lib/jvm/java-7-oracle/jre/lib/amd64/server/libjvm.so
7fea12981000-7fea12a45000 rw-p 00b75000 08:04 1320038                    /usr/lib/jvm/java-7-oracle/jre/lib/amd64/server/libjvm.so
7fea12a45000-7fea12a86000 rw-p 00000000 00:00 0 
7fea12a86000-7fea12c41000 r-xp 00000000 08:04 2359547                    /lib/x86_64-linux-gnu/libc-2.19.so
7fea12c41000-7fea12e41000 ---p 001bb000 08:04 2359547                    /lib/x86_64-linux-gnu/libc-2.19.so
7fea12e41000-7fea12e45000 r--p 001bb000 08:04 2359547                    /lib/x86_64-linux-gnu/libc-2.19.so
7fea12e45000-7fea12e47000 rw-p 001bf000 08:04 2359547                    /lib/x86_64-linux-gnu/libc-2.19.so
7fea12e47000-7fea12e4c000 rw-p 00000000 00:00 0 
7fea12e4c000-7fea12e4f000 r-xp 00000000 08:04 2359551                    /lib/x86_64-linux-gnu/libdl-2.19.so
7fea12e4f000-7fea1304e000 ---p 00003000 08:04 2359551                    /lib/x86_64-linux-gnu/libdl-2.19.so
7fea1304e000-7fea1304f000 r--p 00002000 08:04 2359551                    /lib/x86_64-linux-gnu/libdl-2.19.so
7fea1304f000-7fea13050000 rw-p 00003000 08:04 2359551                    /lib/x86_64-linux-gnu/libdl-2.19.so
7fea13050000-7fea13066000 r-xp 00000000 08:04 1320012                    /usr/lib/jvm/java-7-oracle/jre/lib/amd64/jli/libjli.so
7fea13066000-7fea13266000 ---p 00016000 08:04 1320012                    /usr/lib/jvm/java-7-oracle/jre/lib/amd64/jli/libjli.so
7fea13266000-7fea13267000 rw-p 00016000 08:04 1320012                    /usr/lib/jvm/java-7-oracle/jre/lib/amd64/jli/libjli.so
7fea13267000-7fea13280000 r-xp 00000000 08:04 2359564                    /lib/x86_64-linux-gnu/libpthread-2.19.so
7fea13280000-7fea1347f000 ---p 00019000 08:04 2359564                    /lib/x86_64-linux-gnu/libpthread-2.19.so
7fea1347f000-7fea13480000 r--p 00018000 08:04 2359564                    /lib/x86_64-linux-gnu/libpthread-2.19.so
7fea13480000-7fea13481000 rw-p 00019000 08:04 2359564                    /lib/x86_64-linux-gnu/libpthread-2.19.so
7fea13481000-7fea13485000 rw-p 00000000 00:00 0 
7fea13485000-7fea134a8000 r-xp 00000000 08:04 2359545                    /lib/x86_64-linux-gnu/ld-2.19.so
7fea134c0000-7fea134ca000 rw-p 00000000 00:00 0 
7fea134ca000-7fea13580000 rw-p 00000000 00:00 0 
7fea13580000-7fea13583000 ---p 00000000 00:00 0 
7fea13583000-7fea13685000 rw-p 00000000 00:00 0                          [stack:17546]
7fea13699000-7fea1369b000 rw-p 00000000 00:00 0 
7fea1369b000-7fea136a3000 rw-s 00000000 08:04 2234330                    /tmp/hsperfdata_alex/17537
7fea136a3000-7fea136a4000 rw-p 00000000 00:00 0 
7fea136a4000-7fea136a5000 r--p 00000000 00:00 0 
7fea136a5000-7fea136a7000 rw-p 00000000 00:00 0 
7fea136a7000-7fea136a8000 r--p 00022000 08:04 2359545                    /lib/x86_64-linux-gnu/ld-2.19.so
7fea136a8000-7fea136a9000 rw-p 00023000 08:04 2359545                    /lib/x86_64-linux-gnu/ld-2.19.so
7fea136a9000-7fea136aa000 rw-p 00000000 00:00 0 
7fff731d2000-7fff731f3000 rw-p 00000000 00:00 0                          [stack]
7fff731fe000-7fff73200000 r-xp 00000000 00:00 0                          [vdso]
ffffffffff600000-ffffffffff601000 r-xp 00000000 00:00 0                  [vsyscall]

VM Arguments:
jvm_args: -Xmx1024M 
java_command: /home/alex/Android/Sdk/build-tools/21.1.2/lib/dx.jar --dex --no-optimize --output /home/alex/MyTrening/app/build/intermediates/dex/debug --input-list=/home/alex/MyTrening/app/build/intermediates/tmp/dex/debug/inputList.txt
Launcher Type: SUN_STANDARD

Environment Variables:
PATH=/usr/local/sbin:/usr/local/bin:/usr/sbin:/usr/bin:/sbin:/bin:/usr/games:/usr/local/games
LD_LIBRARY_PATH=android-studio/bin/.:
SHELL=/bin/bash
DISPLAY=:0

Signal Handlers:
SIGSEGV: [libjvm.so+0x9a3bd0], sa_mask[0]=0x7ffbfeff, sa_flags=0x10000004
SIGBUS: [libjvm.so+0x9a3bd0], sa_mask[0]=0x7ffbfeff, sa_flags=0x10000004
SIGFPE: [libjvm.so+0x81cb60], sa_mask[0]=0x7ffbfeff, sa_flags=0x10000004
SIGPIPE: [libjvm.so+0x81cb60], sa_mask[0]=0x7ffbfeff, sa_flags=0x10000004
SIGXFSZ: [libjvm.so+0x81cb60], sa_mask[0]=0x7ffbfeff, sa_flags=0x10000004
SIGILL: [libjvm.so+0x81cb60], sa_mask[0]=0x7ffbfeff, sa_flags=0x10000004
SIGUSR1: SIG_DFL, sa_mask[0]=0x00000000, sa_flags=0x00000000
SIGUSR2: [libjvm.so+0x81e360], sa_mask[0]=0x00000004, sa_flags=0x10000004
SIGHUP: SIG_DFL, sa_mask[0]=0x00000000, sa_flags=0x00000000
SIGINT: SIG_DFL, sa_mask[0]=0x00000000, sa_flags=0x00000000
SIGTERM: SIG_DFL, sa_mask[0]=0x00000000, sa_flags=0x00000000
SIGQUIT: SIG_DFL, sa_mask[0]=0x00000000, sa_flags=0x00000000


---------------  S Y S T E M  ---------------

OS:jessie/sid

uname:Linux 3.13.0-39-generic #66-Ubuntu SMP Tue Oct 28 13:30:27 UTC 2014 x86_64
libc:glibc 2.19 NPTL 2.19 
rlimit: STACK 8192k, CORE 0k, NPROC 61453, NOFILE 4096, AS infinity
load average:0.75 1.00 1.14

/proc/meminfo:
MemTotal:        8113864 kB
MemFree:          133616 kB
Buffers:            5984 kB
Cached:           162832 kB
SwapCached:            0 kB
Active:          4953308 kB
Inactive:         139656 kB
Active(anon):    4926576 kB
Inactive(anon):   109184 kB
Active(file):      26732 kB
Inactive(file):    30472 kB
Unevictable:          32 kB
Mlocked:              32 kB
SwapTotal:             0 kB
SwapFree:              0 kB
Dirty:               704 kB
Writeback:             0 kB
AnonPages:       4924660 kB
Mapped:           823076 kB
Shmem:            110972 kB
Slab:             121228 kB
SReclaimable:      29416 kB
SUnreclaim:        91812 kB
KernelStack:        5336 kB
PageTables:        52792 kB
NFS_Unstable:          0 kB
Bounce:                0 kB
WritebackTmp:          0 kB
CommitLimit:     4056932 kB
Committed_AS:   11934120 kB
VmallocTotal:   34359738367 kB
VmallocUsed:      133932 kB
VmallocChunk:   34359501788 kB
HardwareCorrupted:     0 kB
AnonHugePages:   2590720 kB
HugePages_Total:       0
HugePages_Free:        0
HugePages_Rsvd:        0
HugePages_Surp:        0
Hugepagesize:       2048 kB
DirectMap4k:       68120 kB
DirectMap2M:     1966080 kB
DirectMap1G:     6291456 kB


CPU:total 4 (2 cores per cpu, 2 threads per core) family 6 model 60 stepping 3, cmov, cx8, fxsr, mmx, sse, sse2, sse3, ssse3, sse4.1, sse4.2, popcnt, avx, avx2, aes, erms, ht, tsc, tscinvbit

/proc/cpuinfo:
processor	: 0
vendor_id	: GenuineIntel
cpu family	: 6
model		: 60
model name	: Intel(R) Core(TM) i3-4130 CPU @ 3.40GHz
stepping	: 3
microcode	: 0x12
cpu MHz		: 3400.000
cache size	: 3072 KB
physical id	: 0
siblings	: 4
core id		: 0
cpu cores	: 2
apicid		: 0
initial apicid	: 0
fpu		: yes
fpu_exception	: yes
cpuid level	: 13
wp		: yes
flags		: fpu vme de pse tsc msr pae mce cx8 apic sep mtrr pge mca cmov pat pse36 clflush dts acpi mmx fxsr sse sse2 ss ht tm pbe syscall nx pdpe1gb rdtscp lm constant_tsc arch_perfmon pebs bts rep_good nopl xtopology nonstop_tsc aperfmperf eagerfpu pni pclmulqdq dtes64 monitor ds_cpl vmx est tm2 ssse3 fma cx16 xtpr pdcm pcid sse4_1 sse4_2 movbe popcnt tsc_deadline_timer aes xsave avx f16c rdrand lahf_lm abm arat epb xsaveopt pln pts dtherm tpr_shadow vnmi flexpriority ept vpid fsgsbase tsc_adjust bmi1 avx2 smep bmi2 erms invpcid
bogomips	: 6783.84
clflush size	: 64
cache_alignment	: 64
address sizes	: 39 bits physical, 48 bits virtual
power management:

processor	: 1
vendor_id	: GenuineIntel
cpu family	: 6
model		: 60
model name	: Intel(R) Core(TM) i3-4130 CPU @ 3.40GHz
stepping	: 3
microcode	: 0x12
cpu MHz		: 1000.000
cache size	: 3072 KB
physical id	: 0
siblings	: 4
core id		: 1
cpu cores	: 2
apicid		: 2
initial apicid	: 2
fpu		: yes
fpu_exception	: yes
cpuid level	: 13
wp		: yes
flags		: fpu vme de pse tsc msr pae mce cx8 apic sep mtrr pge mca cmov pat pse36 clflush dts acpi mmx fxsr sse sse2 ss ht tm pbe syscall nx pdpe1gb rdtscp lm constant_tsc arch_perfmon pebs bts rep_good nopl xtopology nonstop_tsc aperfmperf eagerfpu pni pclmulqdq dtes64 monitor ds_cpl vmx est tm2 ssse3 fma cx16 xtpr pdcm pcid sse4_1 sse4_2 movbe popcnt tsc_deadline_timer aes xsave avx f16c rdrand lahf_lm abm arat epb xsaveopt pln pts dtherm tpr_shadow vnmi flexpriority ept vpid fsgsbase tsc_adjust bmi1 avx2 smep bmi2 erms invpcid
bogomips	: 6783.84
clflush size	: 64
cache_alignment	: 64
address sizes	: 39 bits physical, 48 bits virtual
power management:

processor	: 2
vendor_id	: GenuineIntel
cpu family	: 6
model		: 60
model name	: Intel(R) Core(TM) i3-4130 CPU @ 3.40GHz
stepping	: 3
microcode	: 0x12
cpu MHz		: 800.000
cache size	: 3072 KB
physical id	: 0
siblings	: 4
core id		: 0
cpu cores	: 2
apicid		: 1
initial apicid	: 1
fpu		: yes
fpu_exception	: yes
cpuid level	: 13
wp		: yes
flags		: fpu vme de pse tsc msr pae mce cx8 apic sep mtrr pge mca cmov pat pse36 clflush dts acpi mmx fxsr sse sse2 ss ht tm pbe syscall nx pdpe1gb rdtscp lm constant_tsc arch_perfmon pebs bts rep_good nopl xtopology nonstop_tsc aperfmperf eagerfpu pni pclmulqdq dtes64 monitor ds_cpl vmx est tm2 ssse3 fma cx16 xtpr pdcm pcid sse4_1 sse4_2 movbe popcnt tsc_deadline_timer aes xsave avx f16c rdrand lahf_lm abm arat epb xsaveopt pln pts dtherm tpr_shadow vnmi flexpriority ept vpid fsgsbase tsc_adjust bmi1 avx2 smep bmi2 erms invpcid
bogomips	: 6783.84
clflush size	: 64
cache_alignment	: 64
address sizes	: 39 bits physical, 48 bits virtual
power management:

processor	: 3
vendor_id	: GenuineIntel
cpu family	: 6
model		: 60
model name	: Intel(R) Core(TM) i3-4130 CPU @ 3.40GHz
stepping	: 3
microcode	: 0x12
cpu MHz		: 800.000
cache size	: 3072 KB
physical id	: 0
siblings	: 4
core id		: 1
cpu cores	: 2
apicid		: 3
initial apicid	: 3
fpu		: yes
fpu_exception	: yes
cpuid level	: 13
wp		: yes
flags		: fpu vme de pse tsc msr pae mce cx8 apic sep mtrr pge mca cmov pat pse36 clflush dts acpi mmx fxsr sse sse2 ss ht tm pbe syscall nx pdpe1gb rdtscp lm constant_tsc arch_perfmon pebs bts rep_good nopl xtopology nonstop_tsc aperfmperf eagerfpu pni pclmulqdq dtes64 monitor ds_cpl vmx est tm2 ssse3 fma cx16 xtpr pdcm pcid sse4_1 sse4_2 movbe popcnt tsc_deadline_timer aes xsave avx f16c rdrand lahf_lm abm arat epb xsaveopt pln pts dtherm tpr_shadow vnmi flexpriority ept vpid fsgsbase tsc_adjust bmi1 avx2 smep bmi2 erms invpcid
bogomips	: 6783.84
clflush size	: 64
cache_alignment	: 64
address sizes	: 39 bits physical, 48 bits virtual
power management:



Memory: 4k page, physical 8113864k(133616k free), swap 0k(0k free)

vm_info: Java HotSpot(TM) 64-Bit Server VM (24.76-b04) for linux-amd64 JRE (1.7.0_76-b13), built on Dec 18 2014 16:58:39 by "java_re" with gcc 4.3.0 20080428 (Red Hat 4.3.0-8)

time: Thu Jun 18 02:02:38 2015
elapsed time: 0 seconds

